Base path: /Applications/Unity/Unity.app/Contents
Pipe name: \\.\pipe\UnityShaderCompiler-64bit-1-2031297280
Cmd: getPlatforms
Cmd: compileSnippet
  api=0 type=0 insize=751 outsize=2382 kw=SHADOWS_DEPTH _ALPHAPREMULTIPLY_ON ok=1
Cmd: compileSnippet
  api=0 type=1 insize=751 outsize=6 kw=SHADOWS_DEPTH _ALPHAPREMULTIPLY_ON ok=1
Cmd: compileSnippet
  api=0 type=0 insize=982 outsize=10171 kw=DIRECTIONAL SHADOWS_OFF LIGHTMAP_OFF DIRLIGHTMAP_OFF DYNAMICLIGHTMAP_OFF _ALPHAPREMULTIPLY_ON ok=1
Cmd: compileSnippet
  api=0 type=1 insize=982 outsize=6 kw=DIRECTIONAL SHADOWS_OFF LIGHTMAP_OFF DIRLIGHTMAP_OFF DYNAMICLIGHTMAP_OFF _ALPHAPREMULTIPLY_ON ok=1
Cmd: compileSnippet
  api=0 type=0 insize=938 outsize=5979 kw=DIRECTIONAL SHADOWS_OFF _ALPHAPREMULTIPLY_ON ok=1
Cmd: compileSnippet
  api=0 type=1 insize=938 outsize=6 kw=DIRECTIONAL SHADOWS_OFF _ALPHAPREMULTIPLY_ON ok=1
Cmd: compileSnippet
  api=0 type=0 insize=541 outsize=1893 kw=SHADOWS_DEPTH ok=1
Cmd: compileSnippet
  api=0 type=1 insize=541 outsize=6 kw=SHADOWS_DEPTH ok=1
Cmd: compileSnippet
  api=0 type=0 insize=4366 outsize=1664 kw=DIRECTIONAL ok=1
Cmd: compileSnippet
  api=0 type=1 insize=4366 outsize=6 kw=DIRECTIONAL ok=1
Cmd: preprocess
  insize=1344 outsize=1116 ok=1
Cmd: compileSnippet
  api=0 type=0 insize=7522 outsize=2457 kw=DIRECTIONAL LIGHTMAP_OFF DIRLIGHTMAP_OFF DYNAMICLIGHTMAP_OFF ok=1
Cmd: compileSnippet
  api=0 type=1 insize=7522 outsize=6 kw=DIRECTIONAL LIGHTMAP_OFF DIRLIGHTMAP_OFF DYNAMICLIGHTMAP_OFF ok=1
Cmd: compileSnippet
  api=0 type=0 insize=4360 outsize=2009 kw=POINT ok=1
Cmd: compileSnippet
  api=0 type=1 insize=4360 outsize=6 kw=POINT ok=1
Cmd: compileSnippet
  api=0 type=0 insize=3793 outsize=2588 kw= ok=1
Cmd: compileSnippet
  api=0 type=1 insize=3793 outsize=6 kw= ok=1
Cmd: compileSnippet
  api=0 type=0 insize=4360 outsize=1646 kw=DIRECTIONAL ok=1
Cmd: compileSnippet
  api=0 type=1 insize=4360 outsize=6 kw=DIRECTIONAL ok=1
Cmd: preprocess
  insize=1350 outsize=1115 ok=1
Cmd: preprocess
  insize=1149 outsize=1116 ok=1
Cmd: compileSnippet
  api=0 type=0 insize=7327 outsize=2320 kw=DIRECTIONAL LIGHTMAP_OFF DIRLIGHTMAP_OFF DYNAMICLIGHTMAP_OFF ok=1
Cmd: compileSnippet
  api=0 type=1 insize=7327 outsize=6 kw=DIRECTIONAL LIGHTMAP_OFF DIRLIGHTMAP_OFF DYNAMICLIGHTMAP_OFF ok=1
Cmd: compileSnippet
  api=0 type=0 insize=4165 outsize=1840 kw=POINT ok=1
Cmd: compileSnippet
  api=0 type=1 insize=4165 outsize=6 kw=POINT ok=1
Cmd: compileSnippet
  api=0 type=0 insize=3598 outsize=2349 kw= ok=1
Cmd: compileSnippet
  api=0 type=1 insize=3598 outsize=6 kw= ok=1
Cmd: compileSnippet
  api=0 type=0 insize=4165 outsize=1509 kw=DIRECTIONAL ok=1
Cmd: compileSnippet
  api=0 type=1 insize=4165 outsize=6 kw=DIRECTIONAL ok=1
